[2021-02-23 11:16:13] Текст ошибки: Страница не найдена | Файл: D:\OpenServer\domains\framework-lessons\vendor\ishop\core\Router.php | Строка: 44 
==============
[2021-02-23 12:22:48] Текст ошибки: Страница не найдена | Файл: D:\OpenServer\domains\framework-lessons\vendor\ishop\core\Router.php | Строка: 44 
==============
[2021-02-23 12:22:51] Текст ошибки: Страница не найдена | Файл: D:\OpenServer\domains\framework-lessons\vendor\ishop\core\Router.php | Строка: 44 
==============
[2021-02-23 12:22:54] Текст ошибки: Страница не найдена | Файл: D:\OpenServer\domains\framework-lessons\vendor\ishop\core\Router.php | Строка: 44 
==============
[2021-02-23 16:08:53] Текст ошибки: Страница не найдена | Файл: D:\OpenServer\domains\framework-lessons\vendor\ishop\core\Router.php | Строка: 44 
==============
[2021-02-23 16:14:51] Текст ошибки: Страница не найдена | Файл: D:\OpenServer\domains\framework-lessons\vendor\ishop\core\Router.php | Строка: 44 
==============
[2021-02-23 17:08:47] Текст ошибки: SQLSTATE[42S02]: Base table or view not found: 1146 Table 'ishop2.bran' doesn't exist | Файл: D:\OpenServer\domains\framework-lessons\vendor\gabordemooij\redbean\RedBeanPHP\Driver\RPDO.php | Строка: 202 
==============
[2021-02-23 17:08:47] Текст ошибки: Страница не найдена | Файл: D:\OpenServer\domains\framework-lessons\vendor\ishop\core\Router.php | Строка: 44 
==============
[2021-02-23 17:08:57] Текст ошибки: SQLSTATE[42S02]: Base table or view not found: 1146 Table 'ishop2.bran' doesn't exist | Файл: D:\OpenServer\domains\framework-lessons\vendor\gabordemooij\redbean\RedBeanPHP\Driver\RPDO.php | Строка: 202 
==============
[2021-02-23 17:13:16] Текст ошибки: SQLSTATE[42S02]: Base table or view not found: 1146 Table 'ishop2.bran' doesn't exist | Файл: D:\OpenServer\domains\framework-lessons\vendor\gabordemooij\redbean\RedBeanPHP\Driver\RPDO.php | Строка: 202 
==============
[2021-02-23 18:03:56] Текст ошибки: SQLSTATE[42000]: Syntax error or access violation: 1064 You have an error in your SQL syntax; check the manual that corresponds to your MariaDB server version for the right syntax to use near '= 8  -- keep-cache' at line 1 | Файл: D:\OpenServer\domains\framework-lessons\vendor\gabordemooij\redbean\RedBeanPHP\Driver\RPDO.php | Строка: 202 
==============
[2021-02-23 18:03:56] Текст ошибки: Страница не найдена | Файл: D:\OpenServer\domains\framework-lessons\vendor\ishop\core\Router.php | Строка: 44 
==============
[2021-02-23 19:00:44] Текст ошибки: SQLSTATE[42000]: Syntax error or access violation: 1064 You have an error in your SQL syntax; check the manual that corresponds to your MariaDB server version for the right syntax to use near '= 8  -- keep-cache' at line 1 | Файл: D:\OpenServer\domains\framework-lessons\vendor\gabordemooij\redbean\RedBeanPHP\Driver\RPDO.php | Строка: 202 
==============
[2021-02-23 19:01:47] Текст ошибки: SQLSTATE[42000]: Syntax error or access violation: 1064 You have an error in your SQL syntax; check the manual that corresponds to your MariaDB server version for the right syntax to use near '= 8  -- keep-cache' at line 1 | Файл: D:\OpenServer\domains\framework-lessons\vendor\gabordemooij\redbean\RedBeanPHP\Driver\RPDO.php | Строка: 202 
==============
[2021-02-23 19:04:02] Текст ошибки: SQLSTATE[42000]: Syntax error or access violation: 1064 You have an error in your SQL syntax; check the manual that corresponds to your MariaDB server version for the right syntax to use near '= 8  -- keep-cache' at line 1 | Файл: D:\OpenServer\domains\framework-lessons\vendor\gabordemooij\redbean\RedBeanPHP\Driver\RPDO.php | Строка: 202 
==============
[2021-02-23 19:04:27] Текст ошибки: SQLSTATE[42000]: Syntax error or access violation: 1064 You have an error in your SQL syntax; check the manual that corresponds to your MariaDB server version for the right syntax to use near '= 8  -- keep-cache' at line 1 | Файл: D:\OpenServer\domains\framework-lessons\vendor\gabordemooij\redbean\RedBeanPHP\Driver\RPDO.php | Строка: 202 
==============
[2021-02-23 19:04:51] Текст ошибки: SQLSTATE[42000]: Syntax error or access violation: 1064 You have an error in your SQL syntax; check the manual that corresponds to your MariaDB server version for the right syntax to use near '= 8  -- keep-cache' at line 1 | Файл: D:\OpenServer\domains\framework-lessons\vendor\gabordemooij\redbean\RedBeanPHP\Driver\RPDO.php | Строка: 202 
==============
[2021-02-23 19:07:25] Текст ошибки: SQLSTATE[42000]: Syntax error or access violation: 1064 You have an error in your SQL syntax; check the manual that corresponds to your MariaDB server version for the right syntax to use near '= 8  -- keep-cache' at line 1 | Файл: D:\OpenServer\domains\framework-lessons\vendor\gabordemooij\redbean\RedBeanPHP\Driver\RPDO.php | Строка: 202 
==============
[2021-02-23 19:07:45] Текст ошибки: SQLSTATE[42000]: Syntax error or access violation: 1064 You have an error in your SQL syntax; check the manual that corresponds to your MariaDB server version for the right syntax to use near '= 8  -- keep-cache' at line 1 | Файл: D:\OpenServer\domains\framework-lessons\vendor\gabordemooij\redbean\RedBeanPHP\Driver\RPDO.php | Строка: 202 
==============
[2021-02-23 19:08:09] Текст ошибки: SQLSTATE[42000]: Syntax error or access violation: 1064 You have an error in your SQL syntax; check the manual that corresponds to your MariaDB server version for the right syntax to use near '= 8  -- keep-cache' at line 1 | Файл: D:\OpenServer\domains\framework-lessons\vendor\gabordemooij\redbean\RedBeanPHP\Driver\RPDO.php | Строка: 202 
==============
[2021-02-23 19:09:18] Текст ошибки: SQLSTATE[42000]: Syntax error or access violation: 1064 You have an error in your SQL syntax; check the manual that corresponds to your MariaDB server version for the right syntax to use near '= 8  -- keep-cache' at line 1 | Файл: D:\OpenServer\domains\framework-lessons\vendor\gabordemooij\redbean\RedBeanPHP\Driver\RPDO.php | Строка: 202 
==============
[2021-02-23 19:11:24] Текст ошибки: SQLSTATE[42000]: Syntax error or access violation: 1064 You have an error in your SQL syntax; check the manual that corresponds to your MariaDB server version for the right syntax to use near '= 8  -- keep-cache' at line 1 | Файл: D:\OpenServer\domains\framework-lessons\vendor\gabordemooij\redbean\RedBeanPHP\Driver\RPDO.php | Строка: 202 
==============
[2021-02-23 19:11:33] Текст ошибки: SQLSTATE[42000]: Syntax error or access violation: 1064 You have an error in your SQL syntax; check the manual that corresponds to your MariaDB server version for the right syntax to use near '= 8  -- keep-cache' at line 1 | Файл: D:\OpenServer\domains\framework-lessons\vendor\gabordemooij\redbean\RedBeanPHP\Driver\RPDO.php | Строка: 202 
==============
[2021-02-23 19:12:15] Текст ошибки: SQLSTATE[42000]: Syntax error or access violation: 1064 You have an error in your SQL syntax; check the manual that corresponds to your MariaDB server version for the right syntax to use near '= 8  -- keep-cache' at line 1 | Файл: D:\OpenServer\domains\framework-lessons\vendor\gabordemooij\redbean\RedBeanPHP\Driver\RPDO.php | Строка: 202 
==============
[2021-02-23 19:12:31] Текст ошибки: SQLSTATE[42000]: Syntax error or access violation: 1064 You have an error in your SQL syntax; check the manual that corresponds to your MariaDB server version for the right syntax to use near '= 8  -- keep-cache' at line 1 | Файл: D:\OpenServer\domains\framework-lessons\vendor\gabordemooij\redbean\RedBeanPHP\Driver\RPDO.php | Строка: 202 
==============
[2021-02-23 19:15:14] Текст ошибки: SQLSTATE[42000]: Syntax error or access violation: 1064 You have an error in your SQL syntax; check the manual that corresponds to your MariaDB server version for the right syntax to use near '= 8  -- keep-cache' at line 1 | Файл: D:\OpenServer\domains\framework-lessons\vendor\gabordemooij\redbean\RedBeanPHP\Driver\RPDO.php | Строка: 202 
==============
[2021-02-23 19:20:59] Текст ошибки: SQLSTATE[42000]: Syntax error or access violation: 1064 You have an error in your SQL syntax; check the manual that corresponds to your MariaDB server version for the right syntax to use near '= 8  -- keep-cache' at line 1 | Файл: D:\OpenServer\domains\framework-lessons\vendor\gabordemooij\redbean\RedBeanPHP\Driver\RPDO.php | Строка: 202 
==============
[2021-02-23 19:21:04] Текст ошибки: SQLSTATE[42000]: Syntax error or access violation: 1064 You have an error in your SQL syntax; check the manual that corresponds to your MariaDB server version for the right syntax to use near '= 8  -- keep-cache' at line 1 | Файл: D:\OpenServer\domains\framework-lessons\vendor\gabordemooij\redbean\RedBeanPHP\Driver\RPDO.php | Строка: 202 
==============
[2021-02-23 19:21:04] Текст ошибки: Страница не найдена | Файл: D:\OpenServer\domains\framework-lessons\vendor\ishop\core\Router.php | Строка: 44 
==============
[2021-02-23 19:21:48] Текст ошибки: SQLSTATE[42000]: Syntax error or access violation: 1064 You have an error in your SQL syntax; check the manual that corresponds to your MariaDB server version for the right syntax to use near '= 8  -- keep-cache' at line 1 | Файл: D:\OpenServer\domains\framework-lessons\vendor\gabordemooij\redbean\RedBeanPHP\Driver\RPDO.php | Строка: 202 
==============
[2021-02-23 19:26:37] Текст ошибки: SQLSTATE[42000]: Syntax error or access violation: 1064 You have an error in your SQL syntax; check the manual that corresponds to your MariaDB server version for the right syntax to use near '= 8  -- keep-cache' at line 1 | Файл: D:\OpenServer\domains\framework-lessons\vendor\gabordemooij\redbean\RedBeanPHP\Driver\RPDO.php | Строка: 202 
==============
[2021-02-23 19:26:39] Текст ошибки: SQLSTATE[42000]: Syntax error or access violation: 1064 You have an error in your SQL syntax; check the manual that corresponds to your MariaDB server version for the right syntax to use near '= 8  -- keep-cache' at line 1 | Файл: D:\OpenServer\domains\framework-lessons\vendor\gabordemooij\redbean\RedBeanPHP\Driver\RPDO.php | Строка: 202 
==============
[2021-02-23 19:26:39] Текст ошибки: Страница не найдена | Файл: D:\OpenServer\domains\framework-lessons\vendor\ishop\core\Router.php | Строка: 44 
==============
[2021-02-23 19:29:14] Текст ошибки: SQLSTATE[42000]: Syntax error or access violation: 1064 You have an error in your SQL syntax; check the manual that corresponds to your MariaDB server version for the right syntax to use near '= 8  -- keep-cache' at line 1 | Файл: D:\OpenServer\domains\framework-lessons\vendor\gabordemooij\redbean\RedBeanPHP\Driver\RPDO.php | Строка: 202 
==============
[2021-02-23 19:29:45] Текст ошибки: Страница не найдена | Файл: D:\OpenServer\domains\framework-lessons\vendor\ishop\core\Router.php | Строка: 44 
==============
[2021-02-23 19:29:46] Текст ошибки: Страница не найдена | Файл: D:\OpenServer\domains\framework-lessons\vendor\ishop\core\Router.php | Строка: 44 
==============
[2021-02-23 19:30:17] Текст ошибки: Страница не найдена | Файл: D:\OpenServer\domains\framework-lessons\vendor\ishop\core\Router.php | Строка: 44 
==============
[2021-02-23 19:30:17] Текст ошибки: Страница не найдена | Файл: D:\OpenServer\domains\framework-lessons\vendor\ishop\core\Router.php | Строка: 44 
==============
[2021-02-23 19:30:43] Текст ошибки: SQLSTATE[42000]: Syntax error or access violation: 1064 You have an error in your SQL syntax; check the manual that corresponds to your MariaDB server version for the right syntax to use near '= 8  -- keep-cache' at line 1 | Файл: D:\OpenServer\domains\framework-lessons\vendor\gabordemooij\redbean\RedBeanPHP\Driver\RPDO.php | Строка: 202 
==============
[2021-02-23 19:31:10] Текст ошибки: SQLSTATE[42000]: Syntax error or access violation: 1064 You have an error in your SQL syntax; check the manual that corresponds to your MariaDB server version for the right syntax to use near ' 'LIMIT = 8'  -- keep-cache' at line 1 | Файл: D:\OpenServer\domains\framework-lessons\vendor\gabordemooij\redbean\RedBeanPHP\Driver\RPDO.php | Строка: 202 
==============
[2021-02-23 19:31:38] Текст ошибки: SQLSTATE[42000]: Syntax error or access violation: 1064 You have an error in your SQL syntax; check the manual that corresponds to your MariaDB server version for the right syntax to use near ' LIMIT = 8  -- keep-cache' at line 1 | Файл: D:\OpenServer\domains\framework-lessons\vendor\gabordemooij\redbean\RedBeanPHP\Driver\RPDO.php | Строка: 202 
==============
[2021-02-23 19:32:18] Текст ошибки: SQLSTATE[42000]: Syntax error or access violation: 1064 You have an error in your SQL syntax; check the manual that corresponds to your MariaDB server version for the right syntax to use near ' LIMIT 8  -- keep-cache' at line 1 | Файл: D:\OpenServer\domains\framework-lessons\vendor\gabordemooij\redbean\RedBeanPHP\Driver\RPDO.php | Строка: 202 
==============
[2021-02-23 19:32:23] Текст ошибки: SQLSTATE[42000]: Syntax error or access violation: 1064 You have an error in your SQL syntax; check the manual that corresponds to your MariaDB server version for the right syntax to use near ' LIMIT 8  -- keep-cache' at line 1 | Файл: D:\OpenServer\domains\framework-lessons\vendor\gabordemooij\redbean\RedBeanPHP\Driver\RPDO.php | Строка: 202 
==============
[2021-02-23 19:32:47] Текст ошибки: Страница не найдена | Файл: D:\OpenServer\domains\framework-lessons\vendor\ishop\core\Router.php | Строка: 44 
==============
[2021-02-23 19:32:47] Текст ошибки: Страница не найдена | Файл: D:\OpenServer\domains\framework-lessons\vendor\ishop\core\Router.php | Строка: 44 
==============
[2021-02-23 19:36:49] Текст ошибки: Страница не найдена | Файл: D:\OpenServer\domains\framework-lessons\vendor\ishop\core\Router.php | Строка: 44 
==============
[2021-02-23 19:36:49] Текст ошибки: Страница не найдена | Файл: D:\OpenServer\domains\framework-lessons\vendor\ishop\core\Router.php | Строка: 44 
==============
[2021-02-23 19:40:27] Текст ошибки: Страница не найдена | Файл: D:\OpenServer\domains\framework-lessons\vendor\ishop\core\Router.php | Строка: 44 
==============
[2021-02-23 19:40:28] Текст ошибки: Страница не найдена | Файл: D:\OpenServer\domains\framework-lessons\vendor\ishop\core\Router.php | Строка: 44 
==============
[2021-02-23 19:43:37] Текст ошибки: Страница не найдена | Файл: D:\OpenServer\domains\framework-lessons\vendor\ishop\core\Router.php | Строка: 44 
==============
[2021-02-23 19:43:38] Текст ошибки: Страница не найдена | Файл: D:\OpenServer\domains\framework-lessons\vendor\ishop\core\Router.php | Строка: 44 
==============
[2021-02-23 20:12:09] Текст ошибки: Страница не найдена | Файл: D:\OpenServer\domains\framework-lessons\vendor\ishop\core\Router.php | Строка: 44 
==============
[2021-02-23 20:26:54] Текст ошибки: Страница не найдена | Файл: D:\OpenServer\domains\framework-lessons\vendor\ishop\core\Router.php | Строка: 44 
==============
